
v 0.1.0
*	initial alpha


v0.1.1
*	bug fix


v0.1.2
*	added on_destroy call from pulverize command


v0.1.3
*	hooked creative trash to call lwdrops.on_destroy ().
*	hooked unified_inventory trash to call lwdrops.on_destroy ().
*	hooked unified_inventory Clear inventory to call lwdrops.on_destroy ().


v0.1.4
*	Fixed item definition metatable.


v0.1.5
*	hooked i3 inventory trash to call lwdrops.on_destroy ().
*	hooked i3 inventory Clear inventory to call lwdrops.on_destroy ().


v0.1.6
*	Made mod game agnostic.


v0.1.7
*	Added lwdrops.item_pickup.
*	Added lwdrops.item_drop.


v0.1.8
*	Added lwdrops.node_dig.
*	Added lwdrops.node_destroy.
